<?xml version="1.0" encoding="UTF-8"?>
<!-- Generated by org.testng.reporters.JUnitXMLReporter -->
<testsuite hostname="LAPTOP-BGB72GDJ" failures="0" tests="3" name="Firstsuite" time="11.138" errors="0" timestamp="1 Mar 2022 14:51:03 GMT">
  <testcase classname="comhrmstestscrpts.TC001" name="tc001" time="3.952"/>
  <testcase classname="comhrmstestscrpts.TC003" name="tc003" time="4.636"/>
  <testcase classname="comhrmstestscrpts.TC004" name="tc004" time="2.52"/>
</testsuite> <!-- Firstsuite -->
