<?xml version="1.0" encoding="UTF-8"?>
<testng-results total="1" passed="1" failed="0" skipped="0">
  <reporter-output>
    <line>
      <![CDATA[Application Opened]]>
    </line>
  </reporter-output>
  <suite started-at="2022-03-30T14:49:32Z" name="Default suite" finished-at="2022-03-30T14:49:38Z" duration-ms="6301">
    <groups>
    </groups>
    <test started-at="2022-03-30T14:49:32Z" name="Default test" finished-at="2022-03-30T14:49:38Z" duration-ms="6301">
      <class name="comhrmstestscrpts.TC001">
        <test-method signature="tc001()[pri:0, instance:comhrmstestscrpts.TC001@14bee915]" started-at="2022-03-30T20:19:32Z" name="tc001" finished-at="2022-03-30T20:19:38Z" duration-ms="6272" status="PASS">
          <reporter-output>
            <line>
              <![CDATA[Application Opened]]>
            </line>
          </reporter-output>
        </test-method> <!-- tc001 -->
      </class> <!-- comhrmstestscrpts.TC001 -->
    </test> <!-- Default test -->
  </suite> <!-- Default suite -->
</testng-results>
